<?xml version="1.0" encoding="UTF-8"?>
<!-- Generated by org.testng.reporters.JUnitXMLReporter -->
<testsuite ignored="5" hostname="MIDHUNA" failures="12" tests="13" name="EdgeBrowserTest" time="150.795" errors="0" timestamp="2023-04-27T12:39:13 IST">
  <testcase classname="executeClass.HomePageTestClass" name="verifyTheHomeTabIsClickableOrNot" time="0.001">
    <failure type="java.lang.IllegalArgumentException" message="Cannot find elements when the XPath is null.">
      <![CDATA[java.lang.IllegalArgumentException: Cannot find elements when the XPath is null.
at org.openqa.selenium.internal.Require$ArgumentChecker.nonNull(Require.java:207)
at org.openqa.selenium.By$ByXPath.<init>(By.java:287)
at org.openqa.selenium.By.xpath(By.java:89)
at utilities.ExplicitWaitClass.presenceOfElementLocatedWaitByXpath(ExplicitWaitClass.java:27)
at elementRepository.HomePage.isLogoDisplayed(HomePage.java:48)
at executeClass.HomePageTestClass.verifyTheHomeTabIsClickableOrNot(HomePageTestClass.java:37)
at java.base/java.util.ArrayList.forEach(ArrayList.java:1511)
... Removed 27 stack frames]]>
    </failure>
  </testcase> <!-- verifyTheHomeTabIsClickableOrNot -->
  <testcase classname="executeClass.HomePageTestClass" name="verifyTheHomePageDisplayedWhileHittingTheUrl" time="0.002"/>
  <testcase classname="executeClass.HomePageTestClass" name="verifyTheHomePageLogoDisplayedOrNot" time="0.001">
    <failure type="java.lang.IllegalArgumentException" message="Cannot find elements when the XPath is null.">
      <![CDATA[java.lang.IllegalArgumentException: Cannot find elements when the XPath is null.
at org.openqa.selenium.internal.Require$ArgumentChecker.nonNull(Require.java:207)
at org.openqa.selenium.By$ByXPath.<init>(By.java:287)
at org.openqa.selenium.By.xpath(By.java:89)
at utilities.ExplicitWaitClass.presenceOfElementLocatedWaitByXpath(ExplicitWaitClass.java:27)
at elementRepository.HomePage.isLogoDisplayed(HomePage.java:48)
at executeClass.HomePageTestClass.verifyTheHomePageLogoDisplayedOrNot(HomePageTestClass.java:28)
at java.base/java.util.ArrayList.forEach(ArrayList.java:1511)
... Removed 27 stack frames]]>
    </failure>
  </testcase> <!-- verifyTheHomePageLogoDisplayedOrNot -->
  <testcase classname="executeClass.DownloadPageTestClass" name="verifyTheDownloadtabIsClickableOrNot" time="1.107">
    <failure type="org.openqa.selenium.ElementClickInterceptedException" message="element click intercepted: Element &amp;lt;a data-scroll=&amp;quot;&amp;quot; href=&amp;quot;#download&amp;quot;&amp;gt;...&amp;lt;/a&amp;gt; is not clickable at point (1011, 40). Other element would receive the click: &amp;lt;div id=&amp;quot;preloader&amp;quot;&amp;gt;...&amp;lt;/div&amp;gt;
  (Session info: chrome=112.0.5615.138)
Build info: version: &amp;apos;4.7.2&amp;apos;, revision: &amp;apos;4d4020c3b7&amp;apos;
System info: os.name: &amp;apos;Windows 11&amp;apos;, os.arch: &amp;apos;amd64&amp;apos;, os.version: &amp;apos;10.0&amp;apos;, java.version: &amp;apos;17.0.6&amp;apos;
Driver info: org.openqa.selenium.chrome.ChromeDriver
Command: [a18b8c80f4bd3e1eabad178051867e81, clickElement {id=8f03a434-c205-498d-9fda-34b826f35ba7}]
Capabilities {acceptInsecureCerts: false, browserName: chrome, browserVersion: 112.0.5615.138, chrome: {chromedriverVersion: 112.0.5615.49 (bd2a7bcb881c..., userDataDir: C:\Users\user\AppData\Local...}, goog:chromeOptions: {debuggerAddress: localhost:52545}, networkConnectionEnabled: false, pageLoadStrategy: normal, platformName: WINDOWS, proxy: Proxy(), se:cdp: ws://localhost:52545/devtoo..., se:cdpVersion: 112.0.5615.138, setWindowRect: true, strictFileInteractability: false, timeouts: {implicit: 0, pageLoad: 300000, script: 30000}, unhandledPromptBehavior: dismiss and notify, webauthn:extension:credBlob: true, webauthn:extension:largeBlob: true, webauthn:extension:minPinLength: true, webauthn:extension:prf: true, webauthn:virtualAuthenticators: true}
Element: [[ChromeDriver: chrome on WINDOWS (a18b8c80f4bd3e1eabad178051867e81)] -&amp;gt; xpath: //div[@id=&amp;apos;navbar&amp;apos;]//a[text()=&amp;apos;Download&amp;apos;]]
Session ID: a18b8c80f4bd3e1eabad178051867e81">
      <![CDATA[org.openqa.selenium.ElementClickInterceptedException: element click intercepted: Element <a data-scroll="" href="#download">...</a> is not clickable at point (1011, 40). Other element would receive the click: <div id="preloader">...</div>
  (Session info: chrome=112.0.5615.138)
Build info: version: '4.7.2', revision: '4d4020c3b7'
System info: os.name: 'Windows 11', os.arch: 'amd64', os.version: '10.0', java.version: '17.0.6'
Driver info: org.openqa.selenium.chrome.ChromeDriver
Command: [a18b8c80f4bd3e1eabad178051867e81, clickElement {id=8f03a434-c205-498d-9fda-34b826f35ba7}]
Capabilities {acceptInsecureCerts: false, browserName: chrome, browserVersion: 112.0.5615.138, chrome: {chromedriverVersion: 112.0.5615.49 (bd2a7bcb881c..., userDataDir: C:\Users\user\AppData\Local...}, goog:chromeOptions: {debuggerAddress: localhost:52545}, networkConnectionEnabled: false, pageLoadStrategy: normal, platformName: WINDOWS, proxy: Proxy(), se:cdp: ws://localhost:52545/devtoo..., se:cdpVersion: 112.0.5615.138, setWindowRect: true, strictFileInteractability: false, timeouts: {implicit: 0, pageLoad: 300000, script: 30000}, unhandledPromptBehavior: dismiss and notify, webauthn:extension:credBlob: true, webauthn:extension:largeBlob: true, webauthn:extension:minPinLength: true, webauthn:extension:prf: true, webauthn:virtualAuthenticators: true}
Element: [[ChromeDriver: chrome on WINDOWS (a18b8c80f4bd3e1eabad178051867e81)] -> xpath: //div[@id='navbar']//a[text()='Download']]
Session ID: a18b8c80f4bd3e1eabad178051867e81
at org.openqa.selenium.remote.codec.w3c.W3CHttpResponseCodec.createException(W3CHttpResponseCodec.java:200)
at org.openqa.selenium.remote.codec.w3c.W3CHttpResponseCodec.decode(W3CHttpResponseCodec.java:133)
at org.openqa.selenium.remote.codec.w3c.W3CHttpResponseCodec.decode(W3CHttpResponseCodec.java:53)
at org.openqa.selenium.remote.HttpCommandExecutor.execute(HttpCommandExecutor.java:184)
at org.openqa.selenium.remote.service.DriverCommandExecutor.invokeExecute(DriverCommandExecutor.java:167)
at org.openqa.selenium.remote.service.DriverCommandExecutor.execute(DriverCommandExecutor.java:142)
at org.openqa.selenium.remote.RemoteWebDriver.execute(RemoteWebDriver.java:535)
at org.openqa.selenium.remote.RemoteWebElement.execute(RemoteWebElement.java:257)
at org.openqa.selenium.remote.RemoteWebElement.click(RemoteWebElement.java:78)
at org.openqa.selenium.support.pagefactory.internal.LocatingElementHandler.invoke(LocatingElementHandler.java:52)
at jdk.proxy2/jdk.proxy2.$Proxy20.click(Unknown Source)
at utilities.GeneralUtilities.clickElement(GeneralUtilities.java:11)
at elementRepository.DownloadPage.clickOnDownloadTab(DownloadPage.java:32)
at executeClass.DownloadPageTestClass.verifyTheDownloadtabIsClickableOrNot(DownloadPageTestClass.java:19)
at java.base/java.util.ArrayList.forEach(ArrayList.java:1511)
... Removed 36 stack frames]]>
    </failure>
  </testcase> <!-- verifyTheDownloadtabIsClickableOrNot -->
  <testcase classname="executeClass.DownloadPageTestClass" name="verifyAndroidLogoDisplayedOrNot" time="0.002">
    <failure type="java.lang.IllegalArgumentException" message="Cannot find elements when the XPath is null.">
      <![CDATA[java.lang.IllegalArgumentException: Cannot find elements when the XPath is null.
at org.openqa.selenium.internal.Require$ArgumentChecker.nonNull(Require.java:207)
at org.openqa.selenium.By$ByXPath.<init>(By.java:287)
at org.openqa.selenium.By.xpath(By.java:89)
at utilities.ExplicitWaitClass.presenceOfElementLocatedWaitByXpath(ExplicitWaitClass.java:27)
at elementRepository.DownloadPage.isAndroidLogoDisplayed(DownloadPage.java:35)
at executeClass.DownloadPageTestClass.verifyAndroidLogoDisplayedOrNot(DownloadPageTestClass.java:29)
at java.base/java.util.ArrayList.forEach(ArrayList.java:1511)
... Removed 27 stack frames]]>
    </failure>
  </testcase> <!-- verifyAndroidLogoDisplayedOrNot -->
  <testcase classname="executeClass.FeaturesPageTestClass" name="verifyFeaturesTabIsClickableOrNot" time="0.651">
    <failure type="java.lang.IllegalArgumentException" message="Cannot find elements when id is null.">
      <![CDATA[java.lang.IllegalArgumentException: Cannot find elements when id is null.
at org.openqa.selenium.internal.Require$ArgumentChecker.nonNull(Require.java:207)
at org.openqa.selenium.By$ById.<init>(By.java:188)
at org.openqa.selenium.By.id(By.java:49)
at utilities.ExplicitWaitClass.presenceOfElementLocatedWaitById(ExplicitWaitClass.java:39)
at elementRepository.FeaturesPage.iswhatMakesGoPetsDifferentTextVisibleOrNot(FeaturesPage.java:40)
at executeClass.FeaturesPageTestClass.verifyFeaturesTabIsClickableOrNot(FeaturesPageTestClass.java:18)
at java.base/java.util.ArrayList.forEach(ArrayList.java:1511)
... Removed 27 stack frames]]>
    </failure>
  </testcase> <!-- verifyFeaturesTabIsClickableOrNot -->
  <testcase classname="executeClass.FeaturesPageTestClass" name="verifywhatMakesGoPetsDifferentTextVisibleOrNot" time="0.0">
    <failure type="java.lang.IllegalArgumentException" message="Cannot find elements when id is null.">
      <![CDATA[java.lang.IllegalArgumentException: Cannot find elements when id is null.
at org.openqa.selenium.internal.Require$ArgumentChecker.nonNull(Require.java:207)
at org.openqa.selenium.By$ById.<init>(By.java:188)
at org.openqa.selenium.By.id(By.java:49)
at utilities.ExplicitWaitClass.presenceOfElementLocatedWaitById(ExplicitWaitClass.java:39)
at elementRepository.FeaturesPage.iswhatMakesGoPetsDifferentTextVisibleOrNot(FeaturesPage.java:40)
at executeClass.FeaturesPageTestClass.verifywhatMakesGoPetsDifferentTextVisibleOrNot(FeaturesPageTestClass.java:27)
at java.base/java.util.ArrayList.forEach(ArrayList.java:1511)
... Removed 27 stack frames]]>
    </failure>
  </testcase> <!-- verifywhatMakesGoPetsDifferentTextVisibleOrNot -->
  <testcase classname="executeClass.PawsomeCornerTestClass" name="verifypawsomeCornerTabIsClickableOrNot" time="0.6">
    <failure type="java.lang.IllegalArgumentException" message="Cannot find elements when id is null.">
      <![CDATA[java.lang.IllegalArgumentException: Cannot find elements when id is null.
at org.openqa.selenium.internal.Require$ArgumentChecker.nonNull(Require.java:207)
at org.openqa.selenium.By$ById.<init>(By.java:188)
at org.openqa.selenium.By.id(By.java:49)
at utilities.ExplicitWaitClass.presenceOfElementLocatedWaitById(ExplicitWaitClass.java:39)
at elementRepository.PawsomeCornerPage.iscomingSoonTextVisibleOrNot(PawsomeCornerPage.java:41)
at executeClass.PawsomeCornerTestClass.verifypawsomeCornerTabIsClickableOrNot(PawsomeCornerTestClass.java:22)
at java.base/java.util.ArrayList.forEach(ArrayList.java:1511)
... Removed 27 stack frames]]>
    </failure>
  </testcase> <!-- verifypawsomeCornerTabIsClickableOrNot -->
  <testcase classname="executeClass.PawsomeCornerTestClass" name="verifyiscomingSoonTextVisibleOrNot" time="0.002">
    <failure type="java.lang.IllegalArgumentException" message="Cannot find elements when id is null.">
      <![CDATA[java.lang.IllegalArgumentException: Cannot find elements when id is null.
at org.openqa.selenium.internal.Require$ArgumentChecker.nonNull(Require.java:207)
at org.openqa.selenium.By$ById.<init>(By.java:188)
at org.openqa.selenium.By.id(By.java:49)
at utilities.ExplicitWaitClass.presenceOfElementLocatedWaitById(ExplicitWaitClass.java:39)
at elementRepository.PawsomeCornerPage.iscomingSoonTextVisibleOrNot(PawsomeCornerPage.java:41)
at executeClass.PawsomeCornerTestClass.verifyiscomingSoonTextVisibleOrNot(PawsomeCornerTestClass.java:32)
at java.base/java.util.ArrayList.forEach(ArrayList.java:1511)
... Removed 27 stack frames]]>
    </failure>
  </testcase> <!-- verifyiscomingSoonTextVisibleOrNot -->
  <testcase classname="executeClass.ScreenshotsPageTestClass" name="verifyScreenShotsTabIsClickableOrNot" time="0.835">
    <failure type="java.lang.IllegalArgumentException" message="Cannot find elements when the XPath is null.">
      <![CDATA[java.lang.IllegalArgumentException: Cannot find elements when the XPath is null.
at org.openqa.selenium.internal.Require$ArgumentChecker.nonNull(Require.java:207)
at org.openqa.selenium.By$ByXPath.<init>(By.java:287)
at org.openqa.selenium.By.xpath(By.java:89)
at utilities.ExplicitWaitClass.presenceOfElementLocatedWaitByXpath(ExplicitWaitClass.java:27)
at elementRepository.ScreenshotsPage.isScreenShotPageDisplayed(ScreenshotsPage.java:36)
at executeClass.ScreenshotsPageTestClass.verifyScreenShotsTabIsClickableOrNot(ScreenshotsPageTestClass.java:21)
at java.base/java.util.ArrayList.forEach(ArrayList.java:1511)
... Removed 27 stack frames]]>
    </failure>
  </testcase> <!-- verifyScreenShotsTabIsClickableOrNot -->
  <testcase classname="executeClass.ScreenshotsPageTestClass" name="verifyForwardArrowKeyClickableOrNot" time="0.954">
    <failure type="java.lang.IllegalArgumentException" message="Cannot find elements when the XPath is null.">
      <![CDATA[java.lang.IllegalArgumentException: Cannot find elements when the XPath is null.
at org.openqa.selenium.internal.Require$ArgumentChecker.nonNull(Require.java:207)
at org.openqa.selenium.By$ByXPath.<init>(By.java:287)
at org.openqa.selenium.By.xpath(By.java:89)
at utilities.ExplicitWaitClass.presenceOfElementLocatedWaitByXpath(ExplicitWaitClass.java:27)
at elementRepository.ScreenshotsPage.isScreenShotPageDisplayed(ScreenshotsPage.java:36)
at executeClass.ScreenshotsPageTestClass.verifyForwardArrowKeyClickableOrNot(ScreenshotsPageTestClass.java:31)
at java.base/java.util.ArrayList.forEach(ArrayList.java:1511)
... Removed 27 stack frames]]>
    </failure>
  </testcase> <!-- verifyForwardArrowKeyClickableOrNot -->
  <testcase classname="executeClass.TestimonialsPageTestClass" name="verifyScreenShotsTabIsClickableOrNot" time="0.544">
    <failure type="java.lang.IllegalArgumentException" message="Cannot find elements when the XPath is null.">
      <![CDATA[java.lang.IllegalArgumentException: Cannot find elements when the XPath is null.
at org.openqa.selenium.internal.Require$ArgumentChecker.nonNull(Require.java:207)
at org.openqa.selenium.By$ByXPath.<init>(By.java:287)
at org.openqa.selenium.By.xpath(By.java:89)
at utilities.ExplicitWaitClass.presenceOfElementLocatedWaitByXpath(ExplicitWaitClass.java:27)
at elementRepository.TestimonialsPage.istestimonialTextDisplayed(TestimonialsPage.java:35)
at executeClass.TestimonialsPageTestClass.verifyScreenShotsTabIsClickableOrNot(TestimonialsPageTestClass.java:21)
at java.base/java.util.ArrayList.forEach(ArrayList.java:1511)
... Removed 27 stack frames]]>
    </failure>
  </testcase> <!-- verifyScreenShotsTabIsClickableOrNot -->
  <testcase classname="executeClass.TestimonialsPageTestClass" name="verifyForwardArrowKeyClickableOrNot" time="0.004">
    <failure type="java.lang.IllegalArgumentException" message="Cannot find elements when the XPath is null.">
      <![CDATA[java.lang.IllegalArgumentException: Cannot find elements when the XPath is null.
at org.openqa.selenium.internal.Require$ArgumentChecker.nonNull(Require.java:207)
at org.openqa.selenium.By$ByXPath.<init>(By.java:287)
at org.openqa.selenium.By.xpath(By.java:89)
at utilities.ExplicitWaitClass.presenceOfElementLocatedWaitByXpath(ExplicitWaitClass.java:27)
at elementRepository.TestimonialsPage.istestimonialTextDisplayed(TestimonialsPage.java:35)
at executeClass.TestimonialsPageTestClass.verifyForwardArrowKeyClickableOrNot(TestimonialsPageTestClass.java:31)
at java.base/java.util.ArrayList.forEach(ArrayList.java:1511)
... Removed 27 stack frames]]>
    </failure>
  </testcase> <!-- verifyForwardArrowKeyClickableOrNot -->
  <testcase classname="executeClass.BaseClass" name="@BeforeSuite createReport" time="0.0">
    <ignored/>
  </testcase> <!-- @BeforeSuite createReport -->
  <testcase classname="executeClass.BaseClass" name="@BeforeSuite createReport" time="0.0">
    <ignored/>
  </testcase> <!-- @BeforeSuite createReport -->
  <testcase classname="executeClass.BaseClass" name="@BeforeSuite createReport" time="0.0">
    <ignored/>
  </testcase> <!-- @BeforeSuite createReport -->
  <testcase classname="executeClass.BaseClass" name="@BeforeSuite createReport" time="0.0">
    <ignored/>
  </testcase> <!-- @BeforeSuite createReport -->
  <testcase classname="executeClass.BaseClass" name="@BeforeSuite createReport" time="0.0">
    <ignored/>
  </testcase> <!-- @BeforeSuite createReport -->
</testsuite> <!-- EdgeBrowserTest -->
